-- Found ament_cmake: 1.3.11 (/opt/ros/humble/share/ament_cmake/cmake)
-- Found rosidl_default_generators: 1.2.0 (/opt/ros/humble/share/rosidl_default_generators/cmake)
-- Using all available rosidl_typesupport_c: rosidl_typesupport_fastrtps_c;rosidl_typesupport_introspection_c
-- Found rosidl_adapter: 3.1.6 (/opt/ros/humble/share/rosidl_adapter/cmake)
-- Using all available rosidl_typesupport_cpp: rosidl_typesupport_fastrtps_cpp;rosidl_typesupport_introspection_cpp
-- Configuring incomplete, errors occurred!
See also "/home/karol/ITB/URO/KRAI/ros2_ws/build/action_tutorials_interfaces/CMakeFiles/CMakeOutput.log".
[31mCMake Error at /opt/ros/humble/share/rosidl_adapter/cmake/rosidl_adapt_interfaces.cmake:59 (message):
  execute_process(/usr/bin/python3 -m rosidl_adapter --package-name
  action_tutorials_interfaces --arguments-file
  /home/karol/ITB/URO/KRAI/ros2_ws/build/action_tutorials_interfaces/rosidl_adapter__arguments__action_tutorials_interfaces.json
  --output-dir
  /home/karol/ITB/URO/KRAI/ros2_ws/build/action_tutorials_interfaces/rosidl_adapter/action_tutorials_interfaces
  --output-file
  /home/karol/ITB/URO/KRAI/ros2_ws/build/action_tutorials_interfaces/rosidl_adapter/action_tutorials_interfaces.idls)
  returned error code 1:

  Error processing 'int32 order ; goal' of
  'action_tutorials_interfaces/Fibonacci_Goal': 'value '; goal' can not be
  converted to type 'int32': must be a valid integer value >= -2147483648 and
  <= 2147483647'

  Traceback (most recent call last):

    File "/opt/ros/humble/local/lib/python3.10/dist-packages/rosidl_adapter/parser.py", line 752, in parse_primitive_value_string
      value = int(value_string)

  ValueError: invalid literal for int() with base 10: '; goal'

  

  During handling of the above exception, another exception occurred:

  

  Traceback (most recent call last):

    File "/opt/ros/humble/local/lib/python3.10/dist-packages/rosidl_adapter/parser.py", line 755, in parse_primitive_value_string
      value = int(value_string, 0)

  ValueError: invalid literal for int() with base 0: '; goal'

  

  During handling of the above exception, another exception occurred:

  

  Traceback (most recent call last):

    File "/usr/lib/python3.10/runpy.py", line 196, in _run_module_as_main
      return _run_code(code, main_globals, None,
    File "/usr/lib/python3.10/runpy.py", line 86, in _run_code
      exec(code, run_globals)
    File "/opt/ros/humble/local/lib/python3.10/dist-packages/rosidl_adapter/__main__.py", line 19, in <module>
      sys.exit(main())
    File "/opt/ros/humble/local/lib/python3.10/dist-packages/rosidl_adapter/main.py", line 53, in main
      abs_idl_file = convert_to_idl(
    File "/opt/ros/humble/local/lib/python3.10/dist-packages/rosidl_adapter/__init__.py", line 29, in convert_to_idl
      return convert_action_to_idl(
    File "/opt/ros/humble/local/lib/python3.10/dist-packages/rosidl_adapter/action/__init__.py", line 28, in convert_action_to_idl
      action = parse_action_string(package_name, input_file.stem, content)
    File "/opt/ros/humble/local/lib/python3.10/dist-packages/rosidl_adapter/parser.py", line 902, in parse_action_string
      goal_message = parse_message_string(
    File "/opt/ros/humble/local/lib/python3.10/dist-packages/rosidl_adapter/parser.py", line 519, in parse_message_string
      fields.append(Field(
    File "/opt/ros/humble/local/lib/python3.10/dist-packages/rosidl_adapter/parser.py", line 361, in __init__
      self.default_value = parse_value_string(
    File "/opt/ros/humble/local/lib/python3.10/dist-packages/rosidl_adapter/parser.py", line 594, in parse_value_string
      return parse_primitive_value_string(type_, value_string)
    File "/opt/ros/humble/local/lib/python3.10/dist-packages/rosidl_adapter/parser.py", line 757, in parse_primitive_value_string
      raise ex

  rosidl_adapter.parser.InvalidValue: value '; goal' can not be converted to
  type 'int32': must be a valid integer value >= -2147483648 and <=
  2147483647

Call Stack (most recent call first):
  /opt/ros/humble/share/rosidl_cmake/cmake/rosidl_generate_interfaces.cmake:130 (rosidl_adapt_interfaces)
  CMakeLists.txt:16 (rosidl_generate_interfaces)

[0m
gmake: *** [Makefile:747: cmake_check_build_system] Error 1
