[0.012s] Invoking command in '/home/karol/ITB/URO/KRAI/ros2_ws/src/tutorial_interfaces/build/tutorial_interfaces': CMAKE_PREFIX_PATH=${CMAKE_PREFIX_PATH}:/opt/ros/humble /usr/bin/cmake --build /home/karol/ITB/URO/KRAI/ros2_ws/src/tutorial_interfaces/build/tutorial_interfaces -- -j22 -l22
[0.057s] [35m[1mConsolidate compiler generated dependencies of target listener[0m
[0.057s] [35m[1mConsolidate compiler generated dependencies of target talker[0m
[0.065s] [  1%] Built target tutorial_interfaces__cpp
[0.065s] [ 11%] Built target tutorial_interfaces__rosidl_generator_c
[0.073s] [ 11%] Built target ament_cmake_python_copy_tutorial_interfaces
[0.073s] [ 13%] [32mBuilding CXX object CMakeFiles/talker.dir/src/talker.cpp.o[0m
[0.073s] [ 15%] [32mBuilding CXX object CMakeFiles/listener.dir/src/listener.cpp.o[0m
[0.084s] [ 25%] Built target tutorial_interfaces__rosidl_typesupport_fastrtps_c
[0.087s] [ 35%] Built target tutorial_interfaces__rosidl_typesupport_introspection_c
[0.088s] [ 45%] Built target tutorial_interfaces__rosidl_typesupport_introspection_cpp
[0.089s] [ 54%] Built target tutorial_interfaces__rosidl_typesupport_fastrtps_cpp
[0.091s] [ 74%] Built target tutorial_interfaces__rosidl_typesupport_c
[0.091s] [ 74%] Built target tutorial_interfaces__rosidl_typesupport_cpp
[0.114s] [ 74%] Built target tutorial_interfaces
[0.136s] [ 76%] Built target tutorial_interfaces__py
[0.162s] [ 84%] Built target tutorial_interfaces__rosidl_generator_py
[0.186s] [ 88%] Built target tutorial_interfaces__rosidl_typesupport_introspection_c__pyext
[0.186s] [ 92%] Built target tutorial_interfaces__rosidl_typesupport_fastrtps_c__pyext
[0.188s] [ 96%] Built target tutorial_interfaces__rosidl_typesupport_c__pyext
[0.273s] running egg_info
[0.273s] writing tutorial_interfaces.egg-info/PKG-INFO
[0.273s] writing dependency_links to tutorial_interfaces.egg-info/dependency_links.txt
[0.273s] writing top-level names to tutorial_interfaces.egg-info/top_level.txt
[0.275s] reading manifest file 'tutorial_interfaces.egg-info/SOURCES.txt'
[0.275s] writing manifest file 'tutorial_interfaces.egg-info/SOURCES.txt'
[0.299s] [ 96%] Built target ament_cmake_python_build_tutorial_interfaces_egg
[1.598s] [01m[K/home/karol/ITB/URO/KRAI/ros2_ws/src/tutorial_interfaces/src/talker.cpp:[m[K In constructor â€˜[01m[KMinimalPublisher::MinimalPublisher()[m[Kâ€™:
[1.598s] [01m[K/home/karol/ITB/URO/KRAI/ros2_ws/src/tutorial_interfaces/src/talker.cpp:16:28:[m[K [01;31m[Kerror: [m[Kparse error in template argument list
[1.598s]    16 |         publisher_ = this->[01;31m[Kcreate_publisher<tutorial_interfaces::msg::Num::>[m[K("topic", 10);
[1.598s]       |                            [01;31m[K^~~~~~~~~~~~~~~~~~~~~~~~~~~~~~~~~~~~~~~~~~~~~~~~~[m[K
[1.598s] [01m[K/home/karol/ITB/URO/KRAI/ros2_ws/src/tutorial_interfaces/src/talker.cpp:16:77:[m[K [01;31m[Kerror: [m[Kno matching function for call to â€˜[01m[KMinimalPublisher::create_publisher<<expression error> >(const char [6], int)[m[Kâ€™
[1.599s]    16 |         publisher_ = [01;31m[Kthis->create_publisher<tutorial_interfaces::msg::Num::>("topic", 10)[m[K;
[1.599s]       |                      [01;31m[K~~~~~~~~~~~~~~~~~~~~~~~~~~~~~~~~~~~~~~~~~~~~~~~~~~~~~~~^~~~~~~~~~~~~[m[K
[1.599s] In file included from [01m[K/opt/ros/humble/include/rclcpp/rclcpp/executors/single_threaded_executor.hpp:28[m[K,
[1.599s]                  from [01m[K/opt/ros/humble/include/rclcpp/rclcpp/executors.hpp:22[m[K,
[1.599s]                  from [01m[K/opt/ros/humble/include/rclcpp/rclcpp/rclcpp.hpp:155[m[K,
[1.599s]                  from [01m[K/home/karol/ITB/URO/KRAI/ros2_ws/src/tutorial_interfaces/src/talker.cpp:4[m[K:
[1.599s] [01m[K/opt/ros/humble/include/rclcpp/rclcpp/node.hpp:195:3:[m[K [01;36m[Knote: [m[Kcandidate: â€˜[01m[Ktemplate<class MessageT, class AllocatorT, class PublisherT> std::shared_ptr<PublisherT> rclcpp::Node::create_publisher(const string&, const rclcpp::QoS&, const rclcpp::PublisherOptionsWithAllocator<AllocatorT>&)[m[Kâ€™
[1.599s]   195 |   [01;36m[Kcreate_publisher[m[K(
[1.599s]       |   [01;36m[K^~~~~~~~~~~~~~~~[m[K
[1.599s] [01m[K/opt/ros/humble/include/rclcpp/rclcpp/node.hpp:195:3:[m[K [01;36m[Knote: [m[K  template argument deduction/substitution failed:
[1.600s] [01m[K/home/karol/ITB/URO/KRAI/ros2_ws/src/tutorial_interfaces/src/talker.cpp:16:77:[m[K [01;31m[Kerror: [m[Ktemplate argument 1 is invalid
[1.600s]    16 |         publisher_ = [01;31m[Kthis->create_publisher<tutorial_interfaces::msg::Num::>("topic", 10)[m[K;
[1.600s]       |                      [01;31m[K~~~~~~~~~~~~~~~~~~~~~~~~~~~~~~~~~~~~~~~~~~~~~~~~~~~~~~~^~~~~~~~~~~~~[m[K
[1.688s] In file included from [01m[K/opt/ros/humble/include/rclcpp/rclcpp/client.hpp:40[m[K,
[1.688s]                  from [01m[K/opt/ros/humble/include/rclcpp/rclcpp/callback_group.hpp:24[m[K,
[1.689s]                  from [01m[K/opt/ros/humble/include/rclcpp/rclcpp/any_executable.hpp:20[m[K,
[1.689s]                  from [01m[K/opt/ros/humble/include/rclcpp/rclcpp/memory_strategy.hpp:25[m[K,
[1.689s]                  from [01m[K/opt/ros/humble/include/rclcpp/rclcpp/memory_strategies.hpp:18[m[K,
[1.689s]                  from [01m[K/opt/ros/humble/include/rclcpp/rclcpp/executor_options.hpp:20[m[K,
[1.689s]                  from [01m[K/opt/ros/humble/include/rclcpp/rclcpp/executor.hpp:37[m[K,
[1.689s]                  from [01m[K/opt/ros/humble/include/rclcpp/rclcpp/executors/multi_threaded_executor.hpp:25[m[K,
[1.689s]                  from [01m[K/opt/ros/humble/include/rclcpp/rclcpp/executors.hpp:21[m[K,
[1.689s]                  from [01m[K/opt/ros/humble/include/rclcpp/rclcpp/rclcpp.hpp:155[m[K,
[1.689s]                  from [01m[K/home/karol/ITB/URO/KRAI/ros2_ws/src/tutorial_interfaces/src/listener.cpp:4[m[K:
[1.689s] [01m[K/home/karol/ITB/URO/KRAI/ros2_ws/src/tutorial_interfaces/src/listener.cpp:[m[K In member function â€˜[01m[Kvoid MinimalSubscriber::topic_callback(const Num&) const[m[Kâ€™:
[1.690s] [01m[K/home/karol/ITB/URO/KRAI/ros2_ws/src/tutorial_interfaces/src/listener.cpp:23:65:[m[K [01;31m[Kerror: [m[Kâ€˜[01m[Kconst Num[m[Kâ€™ {aka â€˜[01m[Kconst struct tutorial_interfaces::msg::Num_<std::allocator<void> >[m[Kâ€™} has no member named â€˜[01m[KNum[m[Kâ€™; did you mean â€˜[01m[Knum[m[Kâ€™?
[1.690s]    23 |         RCLCPP_INFO_STREAM(this->get_logger(), "Heard: " << msg.[01;31m[KNum[m[K);
[1.690s]       |                                                                 [01;31m[K^~~[m[K
[2.016s] gmake[2]: *** [CMakeFiles/talker.dir/build.make:76: CMakeFiles/talker.dir/src/talker.cpp.o] Error 1
[2.017s] gmake[1]: *** [CMakeFiles/Makefile2:184: CMakeFiles/talker.dir/all] Error 2
[2.017s] gmake[1]: *** Waiting for unfinished jobs....
[3.207s] gmake[2]: *** [CMakeFiles/listener.dir/build.make:76: CMakeFiles/listener.dir/src/listener.cpp.o] Error 1
[3.207s] gmake[1]: *** [CMakeFiles/Makefile2:210: CMakeFiles/listener.dir/all] Error 2
[3.207s] gmake: *** [Makefile:146: all] Error 2
[3.210s] Invoked command in '/home/karol/ITB/URO/KRAI/ros2_ws/src/tutorial_interfaces/build/tutorial_interfaces' returned '2': CMAKE_PREFIX_PATH=${CMAKE_PREFIX_PATH}:/opt/ros/humble /usr/bin/cmake --build /home/karol/ITB/URO/KRAI/ros2_ws/src/tutorial_interfaces/build/tutorial_interfaces -- -j22 -l22
