[0.000000] (-) TimerEvent: {}
[0.000209] (-) JobUnselected: {'identifier': 'cpp_parameters'}
[0.000251] (-) JobUnselected: {'identifier': 'cpp_srvcli'}
[0.000317] (-) JobUnselected: {'identifier': 'lumina_simulation'}
[0.000344] (-) JobUnselected: {'identifier': 'package1'}
[0.000369] (-) JobUnselected: {'identifier': 'tutorial_interfaces'}
[0.000393] (-) JobUnselected: {'identifier': 'urdf_tutorial'}
[0.000436] (action_tutorials_interfaces) JobQueued: {'identifier': 'action_tutorials_interfaces', 'dependencies': OrderedDict()}
[0.000510] (action_tutorials_interfaces) JobStarted: {'identifier': 'action_tutorials_interfaces'}
[0.009557] (action_tutorials_interfaces) JobProgress: {'identifier': 'action_tutorials_interfaces', 'progress': 'cmake'}
[0.009864] (action_tutorials_interfaces) JobProgress: {'identifier': 'action_tutorials_interfaces', 'progress': 'build'}
[0.010183] (action_tutorials_interfaces) Command: {'cmd': ['/usr/bin/cmake', '--build', '/home/karol/ITB/URO/KRAI/ros2_ws/build/action_tutorials_interfaces', '--', '-j22', '-l22'], 'cwd': '/home/karol/ITB/URO/KRAI/ros2_ws/build/action_tutorials_interfaces', 'env': OrderedDict([('GJS_DEBUG_TOPICS', 'JS ERROR;JS LOG'), ('LESSOPEN', '| /usr/bin/lesspipe %s'), ('USER', 'karol'), ('LC_TIME', 'id_ID.UTF-8'), ('XDG_SESSION_TYPE', 'wayland'), ('GIT_ASKPASS', '/usr/share/code/resources/app/extensions/git/dist/askpass.sh'), ('SHLVL', '2'), ('LD_LIBRARY_PATH', '/home/karol/ITB/URO/KRAI/ros2_ws/install/tutorial_interfaces/lib:/home/karol/ITB/URO/KRAI/ros2_ws/install/package1/lib:/home/karol/ITB/URO/KRAI/ros2_ws/install/action_tutorials_interfaces/lib:/home/karol/turtlebot3_ws/install/nav2_rrtstar_planner/lib:/home/karol/ITB/URO/KRAI/nebula/nebula-ws/install/omnidirectional_controllers/lib:/home/karol/ITB/URO/KRAI/nebula/nebula-ws/install/omni_wheel_controller/lib:/home/karol/ITB/URO/KRAI/nebula/nebula-ws/install/nebula_firmware/lib:/home/karol/ITB/URO/KRAI/ros2_ws/src/tutorial_interfaces/install/tutorial_interfaces/lib:/usr/lib/x86_64-linux-gnu/gazebo-11/plugins:/opt/ros/humble/opt/rviz_ogre_vendor/lib:/opt/ros/humble/lib/x86_64-linux-gnu:/opt/ros/humble/lib:/usr/lib/x86_64-linux-gnu/gazebo-11/plugins::/usr/lib/x86_64-linux-gnu/gazebo-11/plugins:/usr/lib/x86_64-linux-gnu/gazebo-11/plugins::/usr/lib/x86_64-linux-gnu/gazebo-11/plugins:/usr/lib/x86_64-linux-gnu/gazebo-11/plugins:/usr/lib/x86_64-linux-gnu/gazebo-11/plugins:'), ('HOME', '/home/karol'), ('CHROME_DESKTOP', 'code.desktop'), ('OLDPWD', '/home/karol/ITB/URO/KRAI/ros2_ws/src/action_tutorials_interfaces'), ('TERM_PROGRAM_VERSION', '1.96.2'), ('DESKTOP_SESSION', 'ubuntu'), ('GIO_LAUNCHED_DESKTOP_FILE', '/usr/share/applications/code.desktop'), ('GAZEBO_MASTER_URI', 'http://localhost:11345'), ('ROS_PYTHON_VERSION', '3'), ('GNOME_SHELL_SESSION_MODE', 'ubuntu'), ('GTK_MODULES', 'gail:atk-bridge'), ('VSCODE_GIT_ASKPASS_MAIN', '/usr/share/code/resources/app/extensions/git/dist/askpass-main.js'), ('LC_MONETARY', 'id_ID.UTF-8'), ('VSCODE_GIT_ASKPASS_NODE', '/usr/share/code/code'), ('MANAGERPID', '4483'), ('SYSTEMD_EXEC_PID', '4675'), ('IM_CONFIG_CHECK_ENV', '1'), ('DBUS_SESSION_BUS_ADDRESS', 'unix:path=/run/user/1000/bus'), ('COLORTERM', 'truecolor'), ('TERMINATOR_DBUS_NAME', 'net.tenshu.Terminator21a9d5db22c73a993ff0b42f64b396873'), ('GIO_LAUNCHED_DESKTOP_FILE_PID', '9708'), ('IM_CONFIG_PHASE', '1'), ('WAYLAND_DISPLAY', 'wayland-0'), ('COLCON_PREFIX_PATH', '/home/karol/ITB/URO/KRAI/ros2_ws/install:/home/karol/turtlebot3_ws/install:/home/karol/ITB/URO/KRAI/ros2_learn/urdf_example/install:/home/karol/ITB/URO/KRAI/nebula/nebula-ws/install:/home/karol/ITB/URO/KRAI/ros2_ws/src/tutorial_interfaces/install'), ('ROS_DISTRO', 'humble'), ('LOGNAME', 'karol'), ('JOURNAL_STREAM', '8:25397'), ('_', '/usr/bin/colcon'), ('ROS_VERSION', '2'), ('XDG_SESSION_CLASS', 'user'), ('USERNAME', 'karol'), ('TERM', 'xterm-256color'), ('GAZEBO_MODEL_PATH', '/usr/share/gazebo-11/models:/usr/share/gazebo-11/models:/usr/share/gazebo-11/models:'), ('GNOME_DESKTOP_SESSION_ID', 'this-is-deprecated'), ('ROS_LOCALHOST_ONLY', '0'), ('OGRE_RESOURCE_PATH', '/usr/lib/x86_64-linux-gnu/OGRE-1.9.0'), ('PATH', '/home/karol/.local/bin:/opt/ros/humble/bin:/home/karol/.local/bin:/usr/local/sbin:/usr/local/bin:/usr/sbin:/usr/bin:/sbin:/bin:/usr/games:/usr/local/games:/snap/bin:/snap/bin:/home/karol/.config/Code/User/globalStorage/github.copilot-chat/debugCommand'), ('SESSION_MANAGER', 'local/karol-Yoga-7-2-in-1-14IML9:@/tmp/.ICE-unix/4644,unix/karol-Yoga-7-2-in-1-14IML9:/tmp/.ICE-unix/4644'), ('INVOCATION_ID', 'c0cd767d6bc149b2a950ad9854b9c545'), ('XDG_MENU_PREFIX', 'gnome-'), ('LC_ADDRESS', 'id_ID.UTF-8'), ('GNOME_SETUP_DISPLAY', ':1'), ('XDG_RUNTIME_DIR', '/run/user/1000'), ('GDK_BACKEND', 'x11'), ('DISPLAY', ':0'), ('TERMINATOR_DBUS_PATH', '/net/tenshu/Terminator2'), ('LANG', 'en_US.UTF-8'), ('XDG_CURRENT_DESKTOP', 'Unity'), ('IBUS_DISABLE_SNOOPER', '1'), ('LC_TELEPHONE', 'id_ID.UTF-8'), ('RMW_IMPLEMENTATION', 'rmw_cyclonedds_cpp'), ('XMODIFIERS', '@im=ibus'), ('XDG_SESSION_DESKTOP', 'ubuntu'), ('XAUTHORITY', '/run/user/1000/.mutter-Xwaylandauth.48HO02'), ('LS_COLORS', 'rs=0:di=01;34:ln=01;36:mh=00:pi=40;33:so=01;35:do=01;35:bd=40;33;01:cd=40;33;01:or=40;31;01:mi=00:su=37;41:sg=30;43:ca=30;41:tw=30;42:ow=34;42:st=37;44:ex=01;32:*.tar=01;31:*.tgz=01;31:*.arc=01;31:*.arj=01;31:*.taz=01;31:*.lha=01;31:*.lz4=01;31:*.lzh=01;31:*.lzma=01;31:*.tlz=01;31:*.txz=01;31:*.tzo=01;31:*.t7z=01;31:*.zip=01;31:*.z=01;31:*.dz=01;31:*.gz=01;31:*.lrz=01;31:*.lz=01;31:*.lzo=01;31:*.xz=01;31:*.zst=01;31:*.tzst=01;31:*.bz2=01;31:*.bz=01;31:*.tbz=01;31:*.tbz2=01;31:*.tz=01;31:*.deb=01;31:*.rpm=01;31:*.jar=01;31:*.war=01;31:*.ear=01;31:*.sar=01;31:*.rar=01;31:*.alz=01;31:*.ace=01;31:*.zoo=01;31:*.cpio=01;31:*.7z=01;31:*.rz=01;31:*.cab=01;31:*.wim=01;31:*.swm=01;31:*.dwm=01;31:*.esd=01;31:*.jpg=01;35:*.jpeg=01;35:*.mjpg=01;35:*.mjpeg=01;35:*.gif=01;35:*.bmp=01;35:*.pbm=01;35:*.pgm=01;35:*.ppm=01;35:*.tga=01;35:*.xbm=01;35:*.xpm=01;35:*.tif=01;35:*.tiff=01;35:*.png=01;35:*.svg=01;35:*.svgz=01;35:*.mng=01;35:*.pcx=01;35:*.mov=01;35:*.mpg=01;35:*.mpeg=01;35:*.m2v=01;35:*.mkv=01;35:*.webm=01;35:*.webp=01;35:*.ogm=01;35:*.mp4=01;35:*.m4v=01;35:*.mp4v=01;35:*.vob=01;35:*.qt=01;35:*.nuv=01;35:*.wmv=01;35:*.asf=01;35:*.rm=01;35:*.rmvb=01;35:*.flc=01;35:*.avi=01;35:*.fli=01;35:*.flv=01;35:*.gl=01;35:*.dl=01;35:*.xcf=01;35:*.xwd=01;35:*.yuv=01;35:*.cgm=01;35:*.emf=01;35:*.ogv=01;35:*.ogx=01;35:*.aac=00;36:*.au=00;36:*.flac=00;36:*.m4a=00;36:*.mid=00;36:*.midi=00;36:*.mka=00;36:*.mp3=00;36:*.mpc=00;36:*.ogg=00;36:*.ra=00;36:*.wav=00;36:*.oga=00;36:*.opus=00;36:*.spx=00;36:*.xspf=00;36:'), ('VSCODE_GIT_IPC_HANDLE', '/run/user/1000/vscode-git-627a42a7a4.sock'), ('TERM_PROGRAM', 'vscode'), ('SSH_AGENT_LAUNCHER', 'gnome-keyring'), ('SSH_AUTH_SOCK', '/run/user/1000/keyring/ssh'), ('ROS_DOMAIN_ID', '30'), ('AMENT_PREFIX_PATH', '/home/karol/ITB/URO/KRAI/ros2_ws/install/urdf_tutorial:/home/karol/ITB/URO/KRAI/ros2_ws/install/tutorial_interfaces:/home/karol/ITB/URO/KRAI/ros2_ws/install/package1:/home/karol/ITB/URO/KRAI/ros2_ws/install/lumina_simulation:/home/karol/ITB/URO/KRAI/ros2_ws/install/cpp_srvcli:/home/karol/ITB/URO/KRAI/ros2_ws/install/action_tutorials_interfaces:/home/karol/ITB/URO/KRAI/ros2_ws/install/cpp_parameters:/home/karol/turtlebot3_ws/install/turtlebot3_simulations:/home/karol/turtlebot3_ws/install/turtlebot3_gazebo:/home/karol/turtlebot3_ws/install/turtlebot3_fake_node:/home/karol/turtlebot3_ws/install/nav2_rrtstar_planner:/home/karol/ITB/URO/KRAI/ros2_learn/urdf_example/install/urdf_example:/home/karol/ITB/URO/KRAI/nebula/nebula-ws/install/omnidirectional_controllers:/home/karol/ITB/URO/KRAI/nebula/nebula-ws/install/omni_wheel_controller:/home/karol/ITB/URO/KRAI/nebula/nebula-ws/install/nebula_navigation:/home/karol/ITB/URO/KRAI/nebula/nebula-ws/install/nebula_localization:/home/karol/ITB/URO/KRAI/nebula/nebula-ws/install/nebula_hardware_interfaces:/home/karol/ITB/URO/KRAI/nebula/nebula-ws/install/nebula_firmware:/home/karol/ITB/URO/KRAI/nebula/nebula-ws/install/nebula_controller:/home/karol/ITB/URO/KRAI/nebula/nebula-ws/install/nebula_config:/home/karol/ITB/URO/KRAI/nebula/nebula-ws/install/nebula_bringup:/home/karol/ITB/URO/KRAI/nebula/nebula-ws/install/axebot_description:/home/karol/ITB/URO/KRAI/ros2_ws/src/tutorial_interfaces/install/tutorial_interfaces:/opt/ros/humble'), ('ORIGINAL_XDG_CURRENT_DESKTOP', 'ubuntu:GNOME'), ('SHELL', '/usr/bin/bash'), ('LC_NAME', 'id_ID.UTF-8'), ('TERMINATOR_UUID', 'urn:uuid:0982d399-7ef3-429e-b7d4-c4275a5d18fc'), ('QT_ACCESSIBILITY', '1'), ('GDMSESSION', 'ubuntu'), ('LESSCLOSE', '/usr/bin/lesspipe %s %s'), ('LC_MEASUREMENT', 'id_ID.UTF-8'), ('GAZEBO_RESOURCE_PATH', '/usr/share/gazebo-11:/usr/share/gazebo-11:/usr/share/gazebo-11:'), ('GJS_DEBUG_OUTPUT', 'stderr'), ('LC_IDENTIFICATION', 'id_ID.UTF-8'), ('GAZEBO_MODEL_DATABASE_URI', 'http://models.gazebosim.org'), ('VSCODE_GIT_ASKPASS_EXTRA_ARGS', ''), ('QT_IM_MODULE', 'ibus'), ('PWD', '/home/karol/ITB/URO/KRAI/ros2_ws/build/action_tutorials_interfaces'), ('XDG_CONFIG_DIRS', '/etc/xdg/xdg-ubuntu:/etc/xdg'), ('GAZEBO_PLUGIN_PATH', '/usr/lib/x86_64-linux-gnu/gazebo-11/plugins:/usr/lib/x86_64-linux-gnu/gazebo-11/plugins:/usr/lib/x86_64-linux-gnu/gazebo-11/plugins:'), ('XDG_DATA_DIRS', '/usr/share/ubuntu:/usr/local/share/:/usr/share/:/var/lib/snapd/desktop'), ('PYTHONPATH', '/home/karol/ITB/URO/KRAI/ros2_ws/install/tutorial_interfaces/local/lib/python3.10/dist-packages:/home/karol/ITB/URO/KRAI/ros2_ws/install/package1/local/lib/python3.10/dist-packages:/home/karol/ITB/URO/KRAI/ros2_ws/install/action_tutorials_interfaces/local/lib/python3.10/dist-packages:/home/karol/ITB/URO/KRAI/ros2_ws/src/tutorial_interfaces/install/tutorial_interfaces/local/lib/python3.10/dist-packages:/opt/ros/humble/lib/python3.10/site-packages:/opt/ros/humble/local/lib/python3.10/dist-packages'), ('LC_NUMERIC', 'id_ID.UTF-8'), ('LC_PAPER', 'id_ID.UTF-8'), ('COLCON', '1'), ('VTE_VERSION', '6800'), ('CMAKE_PREFIX_PATH', '/home/karol/ITB/URO/KRAI/ros2_ws/install/urdf_tutorial:/home/karol/ITB/URO/KRAI/ros2_ws/install/tutorial_interfaces:/home/karol/ITB/URO/KRAI/ros2_ws/install/package1:/home/karol/ITB/URO/KRAI/ros2_ws/install/lumina_simulation:/home/karol/ITB/URO/KRAI/ros2_ws/install/cpp_srvcli:/home/karol/ITB/URO/KRAI/ros2_ws/install/action_tutorials_interfaces:/home/karol/ITB/URO/KRAI/ros2_ws/install/cpp_parameters:/home/karol/turtlebot3_ws/install/turtlebot3_simulations:/home/karol/turtlebot3_ws/install/turtlebot3_gazebo:/home/karol/turtlebot3_ws/install/turtlebot3_fake_node:/home/karol/turtlebot3_ws/install/nav2_rrtstar_planner:/home/karol/ITB/URO/KRAI/ros2_learn/urdf_example/install/urdf_example:/home/karol/ITB/URO/KRAI/nebula/nebula-ws/install/omnidirectional_controllers:/home/karol/ITB/URO/KRAI/nebula/nebula-ws/install/omni_wheel_controller:/home/karol/ITB/URO/KRAI/nebula/nebula-ws/install/nebula_navigation:/home/karol/ITB/URO/KRAI/nebula/nebula-ws/install/nebula_localization:/home/karol/ITB/URO/KRAI/nebula/nebula-ws/install/nebula_hardware_interfaces:/home/karol/ITB/URO/KRAI/nebula/nebula-ws/install/nebula_firmware:/home/karol/ITB/URO/KRAI/nebula/nebula-ws/install/nebula_controller:/home/karol/ITB/URO/KRAI/nebula/nebula-ws/install/nebula_config:/home/karol/ITB/URO/KRAI/nebula/nebula-ws/install/nebula_bringup:/home/karol/ITB/URO/KRAI/nebula/nebula-ws/install/axebot_description:/home/karol/ITB/URO/KRAI/ros2_ws/src/tutorial_interfaces/install/tutorial_interfaces:/opt/ros/humble')]), 'shell': False}
[0.034718] (action_tutorials_interfaces) StdoutLine: {'line': b'-- Found ament_cmake: 1.3.11 (/opt/ros/humble/share/ament_cmake/cmake)\n'}
[0.099390] (-) TimerEvent: {}
[0.113877] (action_tutorials_interfaces) StdoutLine: {'line': b'-- Found rosidl_default_generators: 1.2.0 (/opt/ros/humble/share/rosidl_default_generators/cmake)\n'}
[0.116483] (action_tutorials_interfaces) StdoutLine: {'line': b'-- Using all available rosidl_typesupport_c: rosidl_typesupport_fastrtps_c;rosidl_typesupport_introspection_c\n'}
[0.117730] (action_tutorials_interfaces) StdoutLine: {'line': b'-- Found rosidl_adapter: 3.1.6 (/opt/ros/humble/share/rosidl_adapter/cmake)\n'}
[0.134199] (action_tutorials_interfaces) StdoutLine: {'line': b'-- Using all available rosidl_typesupport_cpp: rosidl_typesupport_fastrtps_cpp;rosidl_typesupport_introspection_cpp\n'}
[0.199516] (-) TimerEvent: {}
[0.248088] (action_tutorials_interfaces) StderrLine: {'line': b'\x1b[31mCMake Error at /opt/ros/humble/share/rosidl_adapter/cmake/rosidl_adapt_interfaces.cmake:59 (message):\n'}
[0.248396] (action_tutorials_interfaces) StderrLine: {'line': b'  execute_process(/usr/bin/python3 -m rosidl_adapter --package-name\n'}
[0.248525] (action_tutorials_interfaces) StderrLine: {'line': b'  action_tutorials_interfaces --arguments-file\n'}
[0.248623] (action_tutorials_interfaces) StderrLine: {'line': b'  /home/karol/ITB/URO/KRAI/ros2_ws/build/action_tutorials_interfaces/rosidl_adapter__arguments__action_tutorials_interfaces.json\n'}
[0.248716] (action_tutorials_interfaces) StderrLine: {'line': b'  --output-dir\n'}
[0.248808] (action_tutorials_interfaces) StderrLine: {'line': b'  /home/karol/ITB/URO/KRAI/ros2_ws/build/action_tutorials_interfaces/rosidl_adapter/action_tutorials_interfaces\n'}
[0.248897] (action_tutorials_interfaces) StderrLine: {'line': b'  --output-file\n'}
[0.248984] (action_tutorials_interfaces) StderrLine: {'line': b'  /home/karol/ITB/URO/KRAI/ros2_ws/build/action_tutorials_interfaces/rosidl_adapter/action_tutorials_interfaces.idls)\n'}
[0.249071] (action_tutorials_interfaces) StderrLine: {'line': b'  returned error code 1:\n'}
[0.249343] (action_tutorials_interfaces) StderrLine: {'line': b'\n'}
[0.249443] (action_tutorials_interfaces) StderrLine: {'line': b"  Error processing 'int32 order ; goal' of\n"}
[0.249644] (action_tutorials_interfaces) StderrLine: {'line': b"  'action_tutorials_interfaces/Fibonacci_Goal': 'value '; goal' can not be\n"}
[0.249749] (action_tutorials_interfaces) StderrLine: {'line': b"  converted to type 'int32': must be a valid integer value >= -2147483648 and\n"}
[0.249812] (action_tutorials_interfaces) StderrLine: {'line': b"  <= 2147483647'\n"}
[0.249871] (action_tutorials_interfaces) StderrLine: {'line': b'\n'}
[0.249928] (action_tutorials_interfaces) StderrLine: {'line': b'  Traceback (most recent call last):\n'}
[0.249982] (action_tutorials_interfaces) StderrLine: {'line': b'\n'}
[0.250044] (action_tutorials_interfaces) StderrLine: {'line': b'    File "/opt/ros/humble/local/lib/python3.10/dist-packages/rosidl_adapter/parser.py", line 752, in parse_primitive_value_string\n'}
[0.250141] (action_tutorials_interfaces) StderrLine: {'line': b'      value = int(value_string)\n'}
[0.250242] (action_tutorials_interfaces) StderrLine: {'line': b'\n'}
[0.250331] (action_tutorials_interfaces) StderrLine: {'line': b"  ValueError: invalid literal for int() with base 10: '; goal'\n"}
[0.250431] (action_tutorials_interfaces) StderrLine: {'line': b'\n'}
[0.250520] (action_tutorials_interfaces) StderrLine: {'line': b'  \n'}
[0.250581] (action_tutorials_interfaces) StderrLine: {'line': b'\n'}
[0.250645] (action_tutorials_interfaces) StderrLine: {'line': b'  During handling of the above exception, another exception occurred:\n'}
[0.250700] (action_tutorials_interfaces) StderrLine: {'line': b'\n'}
[0.250755] (action_tutorials_interfaces) StderrLine: {'line': b'  \n'}
[0.250808] (action_tutorials_interfaces) StderrLine: {'line': b'\n'}
[0.250872] (action_tutorials_interfaces) StderrLine: {'line': b'  Traceback (most recent call last):\n'}
[0.250938] (action_tutorials_interfaces) StderrLine: {'line': b'\n'}
[0.251002] (action_tutorials_interfaces) StderrLine: {'line': b'    File "/opt/ros/humble/local/lib/python3.10/dist-packages/rosidl_adapter/parser.py", line 755, in parse_primitive_value_string\n'}
[0.251069] (action_tutorials_interfaces) StderrLine: {'line': b'      value = int(value_string, 0)\n'}
[0.251131] (action_tutorials_interfaces) StderrLine: {'line': b'\n'}
[0.251188] (action_tutorials_interfaces) StderrLine: {'line': b"  ValueError: invalid literal for int() with base 0: '; goal'\n"}
[0.251246] (action_tutorials_interfaces) StderrLine: {'line': b'\n'}
[0.251304] (action_tutorials_interfaces) StderrLine: {'line': b'  \n'}
[0.251397] (action_tutorials_interfaces) StderrLine: {'line': b'\n'}
[0.251500] (action_tutorials_interfaces) StderrLine: {'line': b'  During handling of the above exception, another exception occurred:\n'}
[0.251567] (action_tutorials_interfaces) StderrLine: {'line': b'\n'}
[0.251619] (action_tutorials_interfaces) StderrLine: {'line': b'  \n'}
[0.251671] (action_tutorials_interfaces) StderrLine: {'line': b'\n'}
[0.251722] (action_tutorials_interfaces) StderrLine: {'line': b'  Traceback (most recent call last):\n'}
[0.251774] (action_tutorials_interfaces) StderrLine: {'line': b'\n'}
[0.251814] (action_tutorials_interfaces) StderrLine: {'line': b'    File "/usr/lib/python3.10/runpy.py", line 196, in _run_module_as_main\n'}
[0.251853] (action_tutorials_interfaces) StderrLine: {'line': b'      return _run_code(code, main_globals, None,\n'}
[0.251893] (action_tutorials_interfaces) StderrLine: {'line': b'    File "/usr/lib/python3.10/runpy.py", line 86, in _run_code\n'}
[0.251932] (action_tutorials_interfaces) StderrLine: {'line': b'      exec(code, run_globals)\n'}
[0.251971] (action_tutorials_interfaces) StderrLine: {'line': b'    File "/opt/ros/humble/local/lib/python3.10/dist-packages/rosidl_adapter/__main__.py", line 19, in <module>\n'}
[0.252010] (action_tutorials_interfaces) StderrLine: {'line': b'      sys.exit(main())\n'}
[0.252048] (action_tutorials_interfaces) StderrLine: {'line': b'    File "/opt/ros/humble/local/lib/python3.10/dist-packages/rosidl_adapter/main.py", line 53, in main\n'}
[0.252088] (action_tutorials_interfaces) StderrLine: {'line': b'      abs_idl_file = convert_to_idl(\n'}
[0.252126] (action_tutorials_interfaces) StderrLine: {'line': b'    File "/opt/ros/humble/local/lib/python3.10/dist-packages/rosidl_adapter/__init__.py", line 29, in convert_to_idl\n'}
[0.252166] (action_tutorials_interfaces) StderrLine: {'line': b'      return convert_action_to_idl(\n'}
[0.252205] (action_tutorials_interfaces) StderrLine: {'line': b'    File "/opt/ros/humble/local/lib/python3.10/dist-packages/rosidl_adapter/action/__init__.py", line 28, in convert_action_to_idl\n'}
[0.252244] (action_tutorials_interfaces) StderrLine: {'line': b'      action = parse_action_string(package_name, input_file.stem, content)\n'}
[0.252282] (action_tutorials_interfaces) StderrLine: {'line': b'    File "/opt/ros/humble/local/lib/python3.10/dist-packages/rosidl_adapter/parser.py", line 902, in parse_action_string\n'}
[0.252320] (action_tutorials_interfaces) StderrLine: {'line': b'      goal_message = parse_message_string(\n'}
[0.252358] (action_tutorials_interfaces) StderrLine: {'line': b'    File "/opt/ros/humble/local/lib/python3.10/dist-packages/rosidl_adapter/parser.py", line 519, in parse_message_string\n'}
[0.252398] (action_tutorials_interfaces) StderrLine: {'line': b'      fields.append(Field(\n'}
[0.252436] (action_tutorials_interfaces) StderrLine: {'line': b'    File "/opt/ros/humble/local/lib/python3.10/dist-packages/rosidl_adapter/parser.py", line 361, in __init__\n'}
[0.252492] (action_tutorials_interfaces) StderrLine: {'line': b'      self.default_value = parse_value_string(\n'}
[0.252533] (action_tutorials_interfaces) StderrLine: {'line': b'    File "/opt/ros/humble/local/lib/python3.10/dist-packages/rosidl_adapter/parser.py", line 594, in parse_value_string\n'}
[0.252571] (action_tutorials_interfaces) StderrLine: {'line': b'      return parse_primitive_value_string(type_, value_string)\n'}
[0.252610] (action_tutorials_interfaces) StderrLine: {'line': b'    File "/opt/ros/humble/local/lib/python3.10/dist-packages/rosidl_adapter/parser.py", line 757, in parse_primitive_value_string\n'}
[0.252650] (action_tutorials_interfaces) StderrLine: {'line': b'      raise ex\n'}
[0.252690] (action_tutorials_interfaces) StderrLine: {'line': b'\n'}
[0.252728] (action_tutorials_interfaces) StderrLine: {'line': b"  rosidl_adapter.parser.InvalidValue: value '; goal' can not be converted to\n"}
[0.252767] (action_tutorials_interfaces) StderrLine: {'line': b"  type 'int32': must be a valid integer value >= -2147483648 and <=\n"}
[0.252805] (action_tutorials_interfaces) StderrLine: {'line': b'  2147483647\n'}
[0.252845] (action_tutorials_interfaces) StderrLine: {'line': b'\n'}
[0.252887] (action_tutorials_interfaces) StderrLine: {'line': b'Call Stack (most recent call first):\n'}
[0.252926] (action_tutorials_interfaces) StderrLine: {'line': b'  /opt/ros/humble/share/rosidl_cmake/cmake/rosidl_generate_interfaces.cmake:130 (rosidl_adapt_interfaces)\n'}
[0.252965] (action_tutorials_interfaces) StderrLine: {'line': b'  CMakeLists.txt:16 (rosidl_generate_interfaces)\n'}
[0.253005] (action_tutorials_interfaces) StderrLine: {'line': b'\n'}
[0.253039] (action_tutorials_interfaces) StderrLine: {'line': b'\x1b[0m\n'}
[0.253064] (action_tutorials_interfaces) StdoutLine: {'line': b'-- Configuring incomplete, errors occurred!\n'}
[0.253101] (action_tutorials_interfaces) StdoutLine: {'line': b'See also "/home/karol/ITB/URO/KRAI/ros2_ws/build/action_tutorials_interfaces/CMakeFiles/CMakeOutput.log".\n'}
[0.253531] (action_tutorials_interfaces) StderrLine: {'line': b'gmake: *** [Makefile:747: cmake_check_build_system] Error 1\n'}
[0.256398] (action_tutorials_interfaces) CommandEnded: {'returncode': 2}
[0.263810] (action_tutorials_interfaces) JobEnded: {'identifier': 'action_tutorials_interfaces', 'rc': 2}
[0.274052] (-) EventReactorShutdown: {}
