[35m[1mConsolidate compiler generated dependencies of target talker[0m
[35m[1mConsolidate compiler generated dependencies of target listener[0m
[  9%] Built target tutorial_interfaces__rosidl_generator_c
[ 11%] Built target tutorial_interfaces__cpp
[ 13%] [32mBuilding CXX object CMakeFiles/talker.dir/src/talker.cpp.o[0m
[ 15%] [32mBuilding CXX object CMakeFiles/listener.dir/src/listener.cpp.o[0m
[ 15%] Built target ament_cmake_python_copy_tutorial_interfaces
[ 25%] Built target tutorial_interfaces__rosidl_typesupport_fastrtps_c
[ 45%] Built target tutorial_interfaces__rosidl_typesupport_introspection_c
[ 45%] Built target tutorial_interfaces__rosidl_typesupport_c
[ 54%] Built target tutorial_interfaces__rosidl_typesupport_cpp
[ 64%] Built target tutorial_interfaces__rosidl_typesupport_introspection_cpp
[ 74%] Built target tutorial_interfaces__rosidl_typesupport_fastrtps_cpp
[ 74%] Built target tutorial_interfaces
[ 76%] Built target tutorial_interfaces__py
[ 84%] Built target tutorial_interfaces__rosidl_generator_py
[ 88%] Built target tutorial_interfaces__rosidl_typesupport_c__pyext
[ 92%] Built target tutorial_interfaces__rosidl_typesupport_introspection_c__pyext
[ 96%] Built target tutorial_interfaces__rosidl_typesupport_fastrtps_c__pyext
running egg_info
writing tutorial_interfaces.egg-info/PKG-INFO
writing dependency_links to tutorial_interfaces.egg-info/dependency_links.txt
writing top-level names to tutorial_interfaces.egg-info/top_level.txt
reading manifest file 'tutorial_interfaces.egg-info/SOURCES.txt'
writing manifest file 'tutorial_interfaces.egg-info/SOURCES.txt'
[ 96%] Built target ament_cmake_python_build_tutorial_interfaces_egg
[01m[K/home/karol/ITB/URO/KRAI/ros2_ws/src/tutorial_interfaces/src/talker.cpp:[m[K In constructor â€˜[01m[KMinimalPublisher::MinimalPublisher()[m[Kâ€™:
[01m[K/home/karol/ITB/URO/KRAI/ros2_ws/src/tutorial_interfaces/src/talker.cpp:16:28:[m[K [01;31m[Kerror: [m[Kparse error in template argument list
   16 |         publisher_ = this->[01;31m[Kcreate_publisher<tutorial_interfaces::msg::Num::>[m[K("topic", 10);
      |                            [01;31m[K^~~~~~~~~~~~~~~~~~~~~~~~~~~~~~~~~~~~~~~~~~~~~~~~~[m[K
[01m[K/home/karol/ITB/URO/KRAI/ros2_ws/src/tutorial_interfaces/src/talker.cpp:16:77:[m[K [01;31m[Kerror: [m[Kno matching function for call to â€˜[01m[KMinimalPublisher::create_publisher<<expression error> >(const char [6], int)[m[Kâ€™
   16 |         publisher_ = [01;31m[Kthis->create_publisher<tutorial_interfaces::msg::Num::>("topic", 10)[m[K;
      |                      [01;31m[K~~~~~~~~~~~~~~~~~~~~~~~~~~~~~~~~~~~~~~~~~~~~~~~~~~~~~~~^~~~~~~~~~~~~[m[K
In file included from [01m[K/opt/ros/humble/include/rclcpp/rclcpp/executors/single_threaded_executor.hpp:28[m[K,
                 from [01m[K/opt/ros/humble/include/rclcpp/rclcpp/executors.hpp:22[m[K,
                 from [01m[K/opt/ros/humble/include/rclcpp/rclcpp/rclcpp.hpp:155[m[K,
                 from [01m[K/home/karol/ITB/URO/KRAI/ros2_ws/src/tutorial_interfaces/src/talker.cpp:4[m[K:
[01m[K/opt/ros/humble/include/rclcpp/rclcpp/node.hpp:195:3:[m[K [01;36m[Knote: [m[Kcandidate: â€˜[01m[Ktemplate<class MessageT, class AllocatorT, class PublisherT> std::shared_ptr<PublisherT> rclcpp::Node::create_publisher(const string&, const rclcpp::QoS&, const rclcpp::PublisherOptionsWithAllocator<AllocatorT>&)[m[Kâ€™
  195 |   [01;36m[Kcreate_publisher[m[K(
      |   [01;36m[K^~~~~~~~~~~~~~~~[m[K
[01m[K/opt/ros/humble/include/rclcpp/rclcpp/node.hpp:195:3:[m[K [01;36m[Knote: [m[K  template argument deduction/substitution failed:
[01m[K/home/karol/ITB/URO/KRAI/ros2_ws/src/tutorial_interfaces/src/talker.cpp:16:77:[m[K [01;31m[Kerror: [m[Ktemplate argument 1 is invalid
   16 |         publisher_ = [01;31m[Kthis->create_publisher<tutorial_interfaces::msg::Num::>("topic", 10)[m[K;
      |                      [01;31m[K~~~~~~~~~~~~~~~~~~~~~~~~~~~~~~~~~~~~~~~~~~~~~~~~~~~~~~~^~~~~~~~~~~~~[m[K
gmake[2]: *** [CMakeFiles/talker.dir/build.make:76: CMakeFiles/talker.dir/src/talker.cpp.o] Error 1
gmake[1]: *** [CMakeFiles/Makefile2:184: CMakeFiles/talker.dir/all] Error 2
gmake[1]: *** Waiting for unfinished jobs....
[ 98%] [32m[1mLinking CXX executable listener[0m
[ 98%] Built target listener
gmake: *** [Makefile:146: all] Error 2
