[0.012s] Invoking command in '/home/karol/ITB/URO/KRAI/ros2_ws/src/tutorial_interfaces/build/tutorial_interfaces': CMAKE_PREFIX_PATH=${CMAKE_PREFIX_PATH}:/opt/ros/humble /usr/bin/cmake --build /home/karol/ITB/URO/KRAI/ros2_ws/src/tutorial_interfaces/build/tutorial_interfaces -- -j22 -l22
[0.056s] [35m[1mConsolidate compiler generated dependencies of target talker[0m
[0.057s] [35m[1mConsolidate compiler generated dependencies of target listener[0m
[0.061s] [  9%] Built target tutorial_interfaces__rosidl_generator_c
[0.066s] [ 11%] Built target tutorial_interfaces__cpp
[0.071s] [ 13%] [32mBuilding CXX object CMakeFiles/talker.dir/src/talker.cpp.o[0m
[0.073s] [ 15%] [32mBuilding CXX object CMakeFiles/listener.dir/src/listener.cpp.o[0m
[0.075s] [ 15%] Built target ament_cmake_python_copy_tutorial_interfaces
[0.082s] [ 25%] Built target tutorial_interfaces__rosidl_typesupport_fastrtps_c
[0.084s] [ 45%] Built target tutorial_interfaces__rosidl_typesupport_introspection_c
[0.084s] [ 45%] Built target tutorial_interfaces__rosidl_typesupport_c
[0.088s] [ 54%] Built target tutorial_interfaces__rosidl_typesupport_cpp
[0.088s] [ 64%] Built target tutorial_interfaces__rosidl_typesupport_introspection_cpp
[0.091s] [ 74%] Built target tutorial_interfaces__rosidl_typesupport_fastrtps_cpp
[0.113s] [ 74%] Built target tutorial_interfaces
[0.135s] [ 76%] Built target tutorial_interfaces__py
[0.162s] [ 84%] Built target tutorial_interfaces__rosidl_generator_py
[0.184s] [ 88%] Built target tutorial_interfaces__rosidl_typesupport_c__pyext
[0.185s] [ 92%] Built target tutorial_interfaces__rosidl_typesupport_introspection_c__pyext
[0.186s] [ 96%] Built target tutorial_interfaces__rosidl_typesupport_fastrtps_c__pyext
[0.310s] running egg_info
[0.310s] writing tutorial_interfaces.egg-info/PKG-INFO
[0.311s] writing dependency_links to tutorial_interfaces.egg-info/dependency_links.txt
[0.311s] writing top-level names to tutorial_interfaces.egg-info/top_level.txt
[0.313s] reading manifest file 'tutorial_interfaces.egg-info/SOURCES.txt'
[0.313s] writing manifest file 'tutorial_interfaces.egg-info/SOURCES.txt'
[0.337s] [ 96%] Built target ament_cmake_python_build_tutorial_interfaces_egg
[1.582s] [01m[K/home/karol/ITB/URO/KRAI/ros2_ws/src/tutorial_interfaces/src/talker.cpp:[m[K In constructor â€˜[01m[KMinimalPublisher::MinimalPublisher()[m[Kâ€™:
[1.582s] [01m[K/home/karol/ITB/URO/KRAI/ros2_ws/src/tutorial_interfaces/src/talker.cpp:16:28:[m[K [01;31m[Kerror: [m[Kparse error in template argument list
[1.582s]    16 |         publisher_ = this->[01;31m[Kcreate_publisher<tutorial_interfaces::msg::Num::>[m[K("topic", 10);
[1.582s]       |                            [01;31m[K^~~~~~~~~~~~~~~~~~~~~~~~~~~~~~~~~~~~~~~~~~~~~~~~~[m[K
[1.582s] [01m[K/home/karol/ITB/URO/KRAI/ros2_ws/src/tutorial_interfaces/src/talker.cpp:16:77:[m[K [01;31m[Kerror: [m[Kno matching function for call to â€˜[01m[KMinimalPublisher::create_publisher<<expression error> >(const char [6], int)[m[Kâ€™
[1.583s]    16 |         publisher_ = [01;31m[Kthis->create_publisher<tutorial_interfaces::msg::Num::>("topic", 10)[m[K;
[1.583s]       |                      [01;31m[K~~~~~~~~~~~~~~~~~~~~~~~~~~~~~~~~~~~~~~~~~~~~~~~~~~~~~~~^~~~~~~~~~~~~[m[K
[1.583s] In file included from [01m[K/opt/ros/humble/include/rclcpp/rclcpp/executors/single_threaded_executor.hpp:28[m[K,
[1.583s]                  from [01m[K/opt/ros/humble/include/rclcpp/rclcpp/executors.hpp:22[m[K,
[1.583s]                  from [01m[K/opt/ros/humble/include/rclcpp/rclcpp/rclcpp.hpp:155[m[K,
[1.583s]                  from [01m[K/home/karol/ITB/URO/KRAI/ros2_ws/src/tutorial_interfaces/src/talker.cpp:4[m[K:
[1.583s] [01m[K/opt/ros/humble/include/rclcpp/rclcpp/node.hpp:195:3:[m[K [01;36m[Knote: [m[Kcandidate: â€˜[01m[Ktemplate<class MessageT, class AllocatorT, class PublisherT> std::shared_ptr<PublisherT> rclcpp::Node::create_publisher(const string&, const rclcpp::QoS&, const rclcpp::PublisherOptionsWithAllocator<AllocatorT>&)[m[Kâ€™
[1.583s]   195 |   [01;36m[Kcreate_publisher[m[K(
[1.583s]       |   [01;36m[K^~~~~~~~~~~~~~~~[m[K
[1.584s] [01m[K/opt/ros/humble/include/rclcpp/rclcpp/node.hpp:195:3:[m[K [01;36m[Knote: [m[K  template argument deduction/substitution failed:
[1.584s] [01m[K/home/karol/ITB/URO/KRAI/ros2_ws/src/tutorial_interfaces/src/talker.cpp:16:77:[m[K [01;31m[Kerror: [m[Ktemplate argument 1 is invalid
[1.584s]    16 |         publisher_ = [01;31m[Kthis->create_publisher<tutorial_interfaces::msg::Num::>("topic", 10)[m[K;
[1.584s]       |                      [01;31m[K~~~~~~~~~~~~~~~~~~~~~~~~~~~~~~~~~~~~~~~~~~~~~~~~~~~~~~~^~~~~~~~~~~~~[m[K
[1.988s] gmake[2]: *** [CMakeFiles/talker.dir/build.make:76: CMakeFiles/talker.dir/src/talker.cpp.o] Error 1
[1.988s] gmake[1]: *** [CMakeFiles/Makefile2:184: CMakeFiles/talker.dir/all] Error 2
[1.988s] gmake[1]: *** Waiting for unfinished jobs....
[5.202s] [ 98%] [32m[1mLinking CXX executable listener[0m
[5.448s] [ 98%] Built target listener
[5.449s] gmake: *** [Makefile:146: all] Error 2
[5.452s] Invoked command in '/home/karol/ITB/URO/KRAI/ros2_ws/src/tutorial_interfaces/build/tutorial_interfaces' returned '2': CMAKE_PREFIX_PATH=${CMAKE_PREFIX_PATH}:/opt/ros/humble /usr/bin/cmake --build /home/karol/ITB/URO/KRAI/ros2_ws/src/tutorial_interfaces/build/tutorial_interfaces -- -j22 -l22
